<?xml version="1.0" encoding="UTF-8"?>
<!-- Generated by org.testng.reporters.JUnitReportReporter -->
<testsuite hostname="LAPTOP-2QC3IUED" failures="0" tests="1" name="Rest.day_3" time="5.288" errors="0" timestamp="2024-03-20T18:30:01 IST" skipped="0">
  <testcase classname="Rest.day_3" name="check" time="5.288"/>
  <system-out/>
</testsuite> <!-- Rest.day_3 -->
