<?xml version="1.0" encoding="UTF-8"?>
<!-- Generated by org.testng.reporters.JUnitReportReporter -->
<testsuite hostname="LAPTOP-2QC3IUED" failures="0" tests="1" name="Rest.day" time="10.545" errors="0" timestamp="2024-03-20T13:25:27 IST" skipped="0">
  <testcase classname="Rest.day" name="createuser" time="10.545"/>
  <system-out/>
</testsuite> <!-- Rest.day -->
